fatal: FATAL !!
error: ERROR se cayo el server
warning: Esto es una advertencia


error: No se pudo agregar el producto
error: No se pudo agregar el producto
error: No se pudo agregar el producto
error: No se pudo agregar el producto
error: No se pudo agregar el producto
error: No se pudo agregar el producto
error: No se pudo agregar el producto
error: No se pudo agregar el producto
error: No se pudo agregar el producto
error: No se pudo agregar el producto
error: No se pudo agregar el producto
error: No se pudo agregar el producto
warning: No se pudo eliminar
warning: No se pudo eliminar
warning: No se pudo eliminar
warning: No se pudo eliminar
warning: No se pudo eliminar
error: No se pudo obtener el producto
warning: No se encontró
warning: No se encontró
warning: No se pudo eliminar
error: No se pudo obtener el producto
error: No se pudo eliminar el producto del carrito